#-----------------------------------------------------------
# Vivado v2019.1 (64-bit)
# SW Build 2552052 on Fri May 24 14:47:09 MDT 2019
# IP Build 2548770 on Fri May 24 18:01:18 MDT 2019
# Start of session at: Wed Aug 17 01:43:32 2022
# Process ID: 6880
# Current directory: /home/stu/NutShell/fpga/board/axu3cg/build/myproject-axu3cg
# Command line: vivado
# Log file: /home/stu/NutShell/fpga/board/axu3cg/build/myproject-axu3cg/vivado.log
# Journal file: /home/stu/NutShell/fpga/board/axu3cg/build/myproject-axu3cg/vivado.jou
#-----------------------------------------------------------
start_gui
open_project /home/stu/NutShell/fpga/board/axu3cg/build/onboardtest-axu3cg/onboardtest-axu3cg.xpr
Scanning sources...
Finished scanning sources
INFO: [IP_Flow 19-234] Refreshing IP repositories
INFO: [IP_Flow 19-1704] No user IP repositories specified
INFO: [IP_Flow 19-2313] Loaded Vivado IP repository '/media/stu/diska/Vivado/2019.1/data/ip'.
WARNING: [IP_Flow 19-3664] IP 'nutshell_NutShell_0_0' generated file not found '/home/stu/NutShell/fpga/board/axu3cg/build/onboardtest-axu3cg/onboardtest-axu3cg.srcs/sources_1/bd/nutshell/ip/nutshell_NutShell_0_0/nutshell_NutShell_0_0.dcp'. Please regenerate to continue.
WARNING: [IP_Flow 19-3664] IP 'nutshell_NutShell_0_0' generated file not found '/home/stu/NutShell/fpga/board/axu3cg/build/onboardtest-axu3cg/onboardtest-axu3cg.srcs/sources_1/bd/nutshell/ip/nutshell_NutShell_0_0/nutshell_NutShell_0_0_stub.v'. Please regenerate to continue.
WARNING: [IP_Flow 19-3664] IP 'nutshell_NutShell_0_0' generated file not found '/home/stu/NutShell/fpga/board/axu3cg/build/onboardtest-axu3cg/onboardtest-axu3cg.srcs/sources_1/bd/nutshell/ip/nutshell_NutShell_0_0/nutshell_NutShell_0_0_stub.vhdl'. Please regenerate to continue.
WARNING: [IP_Flow 19-3664] IP 'nutshell_NutShell_0_0' generated file not found '/home/stu/NutShell/fpga/board/axu3cg/build/onboardtest-axu3cg/onboardtest-axu3cg.srcs/sources_1/bd/nutshell/ip/nutshell_NutShell_0_0/nutshell_NutShell_0_0_sim_netlist.v'. Please regenerate to continue.
WARNING: [IP_Flow 19-3664] IP 'nutshell_NutShell_0_0' generated file not found '/home/stu/NutShell/fpga/board/axu3cg/build/onboardtest-axu3cg/onboardtest-axu3cg.srcs/sources_1/bd/nutshell/ip/nutshell_NutShell_0_0/nutshell_NutShell_0_0_sim_netlist.vhdl'. Please regenerate to continue.
WARNING: [IP_Flow 19-3664] IP 'nutshell_util_vector_logic_0_0' generated file not found '/home/stu/NutShell/fpga/board/axu3cg/build/onboardtest-axu3cg/onboardtest-axu3cg.srcs/sources_1/bd/nutshell/ip/nutshell_util_vector_logic_0_0/nutshell_util_vector_logic_0_0.dcp'. Please regenerate to continue.
WARNING: [IP_Flow 19-3664] IP 'nutshell_util_vector_logic_0_0' generated file not found '/home/stu/NutShell/fpga/board/axu3cg/build/onboardtest-axu3cg/onboardtest-axu3cg.srcs/sources_1/bd/nutshell/ip/nutshell_util_vector_logic_0_0/nutshell_util_vector_logic_0_0_stub.v'. Please regenerate to continue.
WARNING: [IP_Flow 19-3664] IP 'nutshell_util_vector_logic_0_0' generated file not found '/home/stu/NutShell/fpga/board/axu3cg/build/onboardtest-axu3cg/onboardtest-axu3cg.srcs/sources_1/bd/nutshell/ip/nutshell_util_vector_logic_0_0/nutshell_util_vector_logic_0_0_stub.vhdl'. Please regenerate to continue.
WARNING: [IP_Flow 19-3664] IP 'nutshell_util_vector_logic_0_0' generated file not found '/home/stu/NutShell/fpga/board/axu3cg/build/onboardtest-axu3cg/onboardtest-axu3cg.srcs/sources_1/bd/nutshell/ip/nutshell_util_vector_logic_0_0/nutshell_util_vector_logic_0_0_sim_netlist.v'. Please regenerate to continue.
WARNING: [IP_Flow 19-3664] IP 'nutshell_util_vector_logic_0_0' generated file not found '/home/stu/NutShell/fpga/board/axu3cg/build/onboardtest-axu3cg/onboardtest-axu3cg.srcs/sources_1/bd/nutshell/ip/nutshell_util_vector_logic_0_0/nutshell_util_vector_logic_0_0_sim_netlist.vhdl'. Please regenerate to continue.
WARNING: [IP_Flow 19-3664] IP 'zynq_soc_axi_dma_arm_0' generated file not found '/home/stu/NutShell/fpga/board/axu3cg/build/onboardtest-axu3cg/onboardtest-axu3cg.srcs/sources_1/bd/zynq_soc/ip/zynq_soc_axi_dma_arm_0/zynq_soc_axi_dma_arm_0.dcp'. Please regenerate to continue.
WARNING: [IP_Flow 19-3664] IP 'zynq_soc_axi_dma_arm_0' generated file not found '/home/stu/NutShell/fpga/board/axu3cg/build/onboardtest-axu3cg/onboardtest-axu3cg.srcs/sources_1/bd/zynq_soc/ip/zynq_soc_axi_dma_arm_0/zynq_soc_axi_dma_arm_0_stub.v'. Please regenerate to continue.
WARNING: [IP_Flow 19-3664] IP 'zynq_soc_axi_dma_arm_0' generated file not found '/home/stu/NutShell/fpga/board/axu3cg/build/onboardtest-axu3cg/onboardtest-axu3cg.srcs/sources_1/bd/zynq_soc/ip/zynq_soc_axi_dma_arm_0/zynq_soc_axi_dma_arm_0_stub.vhdl'. Please regenerate to continue.
WARNING: [IP_Flow 19-3664] IP 'zynq_soc_axi_dma_arm_0' generated file not found '/home/stu/NutShell/fpga/board/axu3cg/build/onboardtest-axu3cg/onboardtest-axu3cg.srcs/sources_1/bd/zynq_soc/ip/zynq_soc_axi_dma_arm_0/zynq_soc_axi_dma_arm_0_sim_netlist.v'. Please regenerate to continue.
WARNING: [IP_Flow 19-3664] IP 'zynq_soc_axi_dma_arm_0' generated file not found '/home/stu/NutShell/fpga/board/axu3cg/build/onboardtest-axu3cg/onboardtest-axu3cg.srcs/sources_1/bd/zynq_soc/ip/zynq_soc_axi_dma_arm_0/zynq_soc_axi_dma_arm_0_sim_netlist.vhdl'. Please regenerate to continue.
WARNING: [IP_Flow 19-3664] IP 'zynq_soc_xbar_3' generated file not found '/home/stu/NutShell/fpga/board/axu3cg/build/onboardtest-axu3cg/onboardtest-axu3cg.srcs/sources_1/bd/zynq_soc/ip/zynq_soc_xbar_3/zynq_soc_xbar_3.dcp'. Please regenerate to continue.
WARNING: [IP_Flow 19-3664] IP 'zynq_soc_xbar_3' generated file not found '/home/stu/NutShell/fpga/board/axu3cg/build/onboardtest-axu3cg/onboardtest-axu3cg.srcs/sources_1/bd/zynq_soc/ip/zynq_soc_xbar_3/zynq_soc_xbar_3_stub.v'. Please regenerate to continue.
WARNING: [IP_Flow 19-3664] IP 'zynq_soc_xbar_3' generated file not found '/home/stu/NutShell/fpga/board/axu3cg/build/onboardtest-axu3cg/onboardtest-axu3cg.srcs/sources_1/bd/zynq_soc/ip/zynq_soc_xbar_3/zynq_soc_xbar_3_stub.vhdl'. Please regenerate to continue.
WARNING: [IP_Flow 19-3664] IP 'zynq_soc_xbar_3' generated file not found '/home/stu/NutShell/fpga/board/axu3cg/build/onboardtest-axu3cg/onboardtest-axu3cg.srcs/sources_1/bd/zynq_soc/ip/zynq_soc_xbar_3/zynq_soc_xbar_3_sim_netlist.v'. Please regenerate to continue.
WARNING: [IP_Flow 19-3664] IP 'zynq_soc_xbar_3' generated file not found '/home/stu/NutShell/fpga/board/axu3cg/build/onboardtest-axu3cg/onboardtest-axu3cg.srcs/sources_1/bd/zynq_soc/ip/zynq_soc_xbar_3/zynq_soc_xbar_3_sim_netlist.vhdl'. Please regenerate to continue.
WARNING: [IP_Flow 19-3664] IP 'zynq_soc_auto_pc_1' generated file not found '/home/stu/NutShell/fpga/board/axu3cg/build/onboardtest-axu3cg/onboardtest-axu3cg.srcs/sources_1/bd/zynq_soc/ip/zynq_soc_auto_pc_1/zynq_soc_auto_pc_1.dcp'. Please regenerate to continue.
WARNING: [IP_Flow 19-3664] IP 'zynq_soc_auto_pc_1' generated file not found '/home/stu/NutShell/fpga/board/axu3cg/build/onboardtest-axu3cg/onboardtest-axu3cg.srcs/sources_1/bd/zynq_soc/ip/zynq_soc_auto_pc_1/zynq_soc_auto_pc_1_stub.v'. Please regenerate to continue.
WARNING: [IP_Flow 19-3664] IP 'zynq_soc_auto_pc_1' generated file not found '/home/stu/NutShell/fpga/board/axu3cg/build/onboardtest-axu3cg/onboardtest-axu3cg.srcs/sources_1/bd/zynq_soc/ip/zynq_soc_auto_pc_1/zynq_soc_auto_pc_1_stub.vhdl'. Please regenerate to continue.
WARNING: [IP_Flow 19-3664] IP 'zynq_soc_auto_pc_1' generated file not found '/home/stu/NutShell/fpga/board/axu3cg/build/onboardtest-axu3cg/onboardtest-axu3cg.srcs/sources_1/bd/zynq_soc/ip/zynq_soc_auto_pc_1/zynq_soc_auto_pc_1_sim_netlist.v'. Please regenerate to continue.
WARNING: [IP_Flow 19-3664] IP 'zynq_soc_auto_pc_1' generated file not found '/home/stu/NutShell/fpga/board/axu3cg/build/onboardtest-axu3cg/onboardtest-axu3cg.srcs/sources_1/bd/zynq_soc/ip/zynq_soc_auto_pc_1/zynq_soc_auto_pc_1_sim_netlist.vhdl'. Please regenerate to continue.
WARNING: [IP_Flow 19-3664] IP 'zynq_soc_axi_uartlite_0_1' generated file not found '/home/stu/NutShell/fpga/board/axu3cg/build/onboardtest-axu3cg/onboardtest-axu3cg.srcs/sources_1/bd/zynq_soc/ip/zynq_soc_axi_uartlite_0_1/zynq_soc_axi_uartlite_0_1.dcp'. Please regenerate to continue.
WARNING: [IP_Flow 19-3664] IP 'zynq_soc_axi_uartlite_0_1' generated file not found '/home/stu/NutShell/fpga/board/axu3cg/build/onboardtest-axu3cg/onboardtest-axu3cg.srcs/sources_1/bd/zynq_soc/ip/zynq_soc_axi_uartlite_0_1/zynq_soc_axi_uartlite_0_1_stub.v'. Please regenerate to continue.
WARNING: [IP_Flow 19-3664] IP 'zynq_soc_axi_uartlite_0_1' generated file not found '/home/stu/NutShell/fpga/board/axu3cg/build/onboardtest-axu3cg/onboardtest-axu3cg.srcs/sources_1/bd/zynq_soc/ip/zynq_soc_axi_uartlite_0_1/zynq_soc_axi_uartlite_0_1_stub.vhdl'. Please regenerate to continue.
WARNING: [IP_Flow 19-3664] IP 'zynq_soc_axi_uartlite_0_1' generated file not found '/home/stu/NutShell/fpga/board/axu3cg/build/onboardtest-axu3cg/onboardtest-axu3cg.srcs/sources_1/bd/zynq_soc/ip/zynq_soc_axi_uartlite_0_1/zynq_soc_axi_uartlite_0_1_sim_netlist.v'. Please regenerate to continue.
WARNING: [IP_Flow 19-3664] IP 'zynq_soc_axi_uartlite_0_1' generated file not found '/home/stu/NutShell/fpga/board/axu3cg/build/onboardtest-axu3cg/onboardtest-axu3cg.srcs/sources_1/bd/zynq_soc/ip/zynq_soc_axi_uartlite_0_1/zynq_soc_axi_uartlite_0_1_sim_netlist.vhdl'. Please regenerate to continue.
WARNING: [IP_Flow 19-3664] IP 'zynq_soc_corerst_0' generated file not found '/home/stu/NutShell/fpga/board/axu3cg/build/onboardtest-axu3cg/onboardtest-axu3cg.srcs/sources_1/bd/zynq_soc/ip/zynq_soc_corerst_0/zynq_soc_corerst_0.dcp'. Please regenerate to continue.
WARNING: [IP_Flow 19-3664] IP 'zynq_soc_corerst_0' generated file not found '/home/stu/NutShell/fpga/board/axu3cg/build/onboardtest-axu3cg/onboardtest-axu3cg.srcs/sources_1/bd/zynq_soc/ip/zynq_soc_corerst_0/zynq_soc_corerst_0_stub.v'. Please regenerate to continue.
WARNING: [IP_Flow 19-3664] IP 'zynq_soc_corerst_0' generated file not found '/home/stu/NutShell/fpga/board/axu3cg/build/onboardtest-axu3cg/onboardtest-axu3cg.srcs/sources_1/bd/zynq_soc/ip/zynq_soc_corerst_0/zynq_soc_corerst_0_stub.vhdl'. Please regenerate to continue.
WARNING: [IP_Flow 19-3664] IP 'zynq_soc_corerst_0' generated file not found '/home/stu/NutShell/fpga/board/axu3cg/build/onboardtest-axu3cg/onboardtest-axu3cg.srcs/sources_1/bd/zynq_soc/ip/zynq_soc_corerst_0/zynq_soc_corerst_0_sim_netlist.v'. Please regenerate to continue.
WARNING: [IP_Flow 19-3664] IP 'zynq_soc_corerst_0' generated file not found '/home/stu/NutShell/fpga/board/axu3cg/build/onboardtest-axu3cg/onboardtest-axu3cg.srcs/sources_1/bd/zynq_soc/ip/zynq_soc_corerst_0/zynq_soc_corerst_0_sim_netlist.vhdl'. Please regenerate to continue.
WARNING: [IP_Flow 19-3664] IP 'zynq_soc_zynq_ultra_ps_e_0_0' generated file not found '/home/stu/NutShell/fpga/board/axu3cg/build/onboardtest-axu3cg/onboardtest-axu3cg.srcs/sources_1/bd/zynq_soc/ip/zynq_soc_zynq_ultra_ps_e_0_0/zynq_soc_zynq_ultra_ps_e_0_0.dcp'. Please regenerate to continue.
WARNING: [IP_Flow 19-3664] IP 'zynq_soc_zynq_ultra_ps_e_0_0' generated file not found '/home/stu/NutShell/fpga/board/axu3cg/build/onboardtest-axu3cg/onboardtest-axu3cg.srcs/sources_1/bd/zynq_soc/ip/zynq_soc_zynq_ultra_ps_e_0_0/zynq_soc_zynq_ultra_ps_e_0_0_stub.v'. Please regenerate to continue.
WARNING: [IP_Flow 19-3664] IP 'zynq_soc_zynq_ultra_ps_e_0_0' generated file not found '/home/stu/NutShell/fpga/board/axu3cg/build/onboardtest-axu3cg/onboardtest-axu3cg.srcs/sources_1/bd/zynq_soc/ip/zynq_soc_zynq_ultra_ps_e_0_0/zynq_soc_zynq_ultra_ps_e_0_0_stub.vhdl'. Please regenerate to continue.
WARNING: [IP_Flow 19-3664] IP 'zynq_soc_zynq_ultra_ps_e_0_0' generated file not found '/home/stu/NutShell/fpga/board/axu3cg/build/onboardtest-axu3cg/onboardtest-axu3cg.srcs/sources_1/bd/zynq_soc/ip/zynq_soc_zynq_ultra_ps_e_0_0/zynq_soc_zynq_ultra_ps_e_0_0_sim_netlist.v'. Please regenerate to continue.
WARNING: [IP_Flow 19-3664] IP 'zynq_soc_zynq_ultra_ps_e_0_0' generated file not found '/home/stu/NutShell/fpga/board/axu3cg/build/onboardtest-axu3cg/onboardtest-axu3cg.srcs/sources_1/bd/zynq_soc/ip/zynq_soc_zynq_ultra_ps_e_0_0/zynq_soc_zynq_ultra_ps_e_0_0_sim_netlist.vhdl'. Please regenerate to continue.
open_project: Time (s): cpu = 00:00:33 ; elapsed = 00:00:31 . Memory (MB): peak = 6540.301 ; gain = 212.332 ; free physical = 1883 ; free virtual = 8964
update_compile_order -fileset sources_1
add_files -norecurse /home/stu/NutShell/build/build/array_ext.v
update_compile_order -fileset sources_1
update_module_reference nutshell_NutShell_0_0
INFO: [IP_Flow 19-5107] Inferred bus interface 'io_frontend' of definition 'xilinx.com:interface:aximm:1.0' (from Xilinx Repository).
INFO: [IP_Flow 19-5107] Inferred bus interface 'io_mem' of definition 'xilinx.com:interface:aximm:1.0' (from Xilinx Repository).
INFO: [IP_Flow 19-5107] Inferred bus interface 'io_mmio' of definition 'xilinx.com:interface:aximm:1.0' (from Xilinx Repository).
INFO: [IP_Flow 19-5107] Inferred bus interface 'reset' of definition 'xilinx.com:signal:reset:1.0' (from Xilinx Repository).
INFO: [IP_Flow 19-5107] Inferred bus interface 'clock' of definition 'xilinx.com:signal:clock:1.0' (from Xilinx Repository).
INFO: [IP_Flow 19-4728] Bus Interface 'clock': Added interface parameter 'ASSOCIATED_BUSIF' with value 'io_frontend'.
INFO: [IP_Flow 19-4728] Bus Interface 'clock': Added interface parameter 'ASSOCIATED_RESET' with value 'reset'.
INFO: [IP_Flow 19-234] Refreshing IP repositories
INFO: [IP_Flow 19-1704] No user IP repositories specified
Adding component instance block -- xilinx.com:module_ref:NutShell:1.0 - NutShell_0
Adding component instance block -- xilinx.com:ip:axi_interconnect:2.1 - axi_interconnect_0
Adding component instance block -- xilinx.com:ip:axi_clock_converter:2.1 - auto_cc
Adding component instance block -- xilinx.com:ip:axi_interconnect:2.1 - axi_interconnect_1
Adding component instance block -- xilinx.com:ip:axi_clock_converter:2.1 - auto_cc
Adding component instance block -- xilinx.com:ip:axi_interconnect:2.1 - axi_interconnect_2
Adding component instance block -- xilinx.com:ip:axi_clock_converter:2.1 - auto_cc
Adding component instance block -- xilinx.com:ip:axi_protocol_converter:2.1 - axi_protocol_convert_0
Adding component instance block -- xilinx.com:ip:axi_protocol_converter:2.1 - axi_protocol_convert_1
Adding component instance block -- xilinx.com:ip:system_ila:1.1 - system_ila_0
Adding component instance block -- xilinx.com:ip:util_vector_logic:2.0 - util_vector_logic_0
WARNING: [BD 41-1731] Type mismatch between connected pins: /corerstn(data) and /axi_interconnect_0/M00_ARESETN(rst)
WARNING: [BD 41-1731] Type mismatch between connected pins: /corerstn(data) and /axi_interconnect_1/S00_ARESETN(rst)
WARNING: [BD 41-1731] Type mismatch between connected pins: /corerstn(data) and /axi_interconnect_2/ARESETN(rst)
WARNING: [BD 41-1731] Type mismatch between connected pins: /corerstn(data) and /axi_interconnect_2/S00_ARESETN(rst)
Successfully read diagram <nutshell> from BD file </home/stu/NutShell/fpga/board/axu3cg/build/onboardtest-axu3cg/onboardtest-axu3cg.srcs/sources_1/bd/nutshell/nutshell.bd>
Upgrading '/home/stu/NutShell/fpga/board/axu3cg/build/onboardtest-axu3cg/onboardtest-axu3cg.srcs/sources_1/bd/nutshell/nutshell.bd'
INFO: [IP_Flow 19-3420] Updated nutshell_NutShell_0_0 to use current project options
Wrote  : </home/stu/NutShell/fpga/board/axu3cg/build/onboardtest-axu3cg/onboardtest-axu3cg.srcs/sources_1/bd/nutshell/nutshell.bd> 
Wrote  : </home/stu/NutShell/fpga/board/axu3cg/build/onboardtest-axu3cg/onboardtest-axu3cg.srcs/sources_1/bd/nutshell/ui/bd_6bdf9fc3.ui> 
upgrade_ip: Time (s): cpu = 00:00:09 ; elapsed = 00:00:08 . Memory (MB): peak = 7002.816 ; gain = 0.000 ; free physical = 1594 ; free virtual = 8728
update_module_reference: Time (s): cpu = 00:00:22 ; elapsed = 00:00:15 . Memory (MB): peak = 7002.816 ; gain = 61.031 ; free physical = 1594 ; free virtual = 8728
open_hw
reset_run nutshell_util_vector_logic_0_0_synth_1
launch_runs impl_1 -to_step write_bitstream -jobs 5
WARNING: [BD 41-237] Bus Interface property AWUSER_WIDTH does not match between /NutShell_0/io_frontend(1) and /axi_interconnect_0/s00_couplers/auto_cc/M_AXI(0)
WARNING: [BD 41-237] Bus Interface property ARUSER_WIDTH does not match between /NutShell_0/io_frontend(1) and /axi_interconnect_0/s00_couplers/auto_cc/M_AXI(0)
WARNING: [BD 41-237] Bus Interface property RUSER_WIDTH does not match between /NutShell_0/io_frontend(1) and /axi_interconnect_0/s00_couplers/auto_cc/M_AXI(0)
WARNING: [BD 41-237] Bus Interface property BUSER_WIDTH does not match between /NutShell_0/io_frontend(1) and /axi_interconnect_0/s00_couplers/auto_cc/M_AXI(0)
WARNING: [BD 41-927] Following properties on pin /NutShell_0/clock have been updated from connected ip. They may not be synchronized with cell properties. You can set property on pin directly to confirm the value and resolve the warning.
	CLK_DOMAIN=nutshell_coreclk 
Wrote  : </home/stu/NutShell/fpga/board/axu3cg/build/onboardtest-axu3cg/onboardtest-axu3cg.srcs/sources_1/bd/nutshell/nutshell.bd> 
CRITICAL WARNING: [BD 41-1228] Width mismatch when connecting input pin '/NutShell_0/io_meip'(2) to net 'intrs_1'(5) - Only lower order bits will be connected, and other input bits of this pin will be left unconnected.
VHDL Output written to : /home/stu/NutShell/fpga/board/axu3cg/build/onboardtest-axu3cg/onboardtest-axu3cg.srcs/sources_1/bd/nutshell/synth/nutshell.v
CRITICAL WARNING: [BD 41-1228] Width mismatch when connecting input pin '/NutShell_0/io_meip'(2) to net 'intrs_1'(5) - Only lower order bits will be connected, and other input bits of this pin will be left unconnected.
VHDL Output written to : /home/stu/NutShell/fpga/board/axu3cg/build/onboardtest-axu3cg/onboardtest-axu3cg.srcs/sources_1/bd/nutshell/sim/nutshell.v
VHDL Output written to : /home/stu/NutShell/fpga/board/axu3cg/build/onboardtest-axu3cg/onboardtest-axu3cg.srcs/sources_1/bd/nutshell/hdl/nutshell_wrapper.v
INFO: [BD 41-1029] Generation completed for the IP Integrator block NutShell_0 .
INFO: [BD 41-1029] Generation completed for the IP Integrator block axi_protocol_convert_0 .
INFO: [BD 41-1029] Generation completed for the IP Integrator block axi_protocol_convert_1 .
Exporting to file /home/stu/NutShell/fpga/board/axu3cg/build/onboardtest-axu3cg/onboardtest-axu3cg.srcs/sources_1/bd/nutshell/ip/nutshell_system_ila_0_0/bd_0/hw_handoff/nutshell_system_ila_0_0.hwh
Generated Block Design Tcl file /home/stu/NutShell/fpga/board/axu3cg/build/onboardtest-axu3cg/onboardtest-axu3cg.srcs/sources_1/bd/nutshell/ip/nutshell_system_ila_0_0/bd_0/hw_handoff/nutshell_system_ila_0_0_bd.tcl
Generated Hardware Definition File /home/stu/NutShell/fpga/board/axu3cg/build/onboardtest-axu3cg/onboardtest-axu3cg.srcs/sources_1/bd/nutshell/ip/nutshell_system_ila_0_0/bd_0/synth/nutshell_system_ila_0_0.hwdef
INFO: [BD 41-1029] Generation completed for the IP Integrator block system_ila_0 .
INFO: [BD 41-1029] Generation completed for the IP Integrator block util_vector_logic_0 .
WARNING: [IP_Flow 19-4994] Overwriting existing constraint file '/home/stu/NutShell/fpga/board/axu3cg/build/onboardtest-axu3cg/onboardtest-axu3cg.srcs/sources_1/bd/nutshell/ip/nutshell_auto_cc_0/nutshell_auto_cc_0_ooc.xdc'
INFO: [BD 41-1029] Generation completed for the IP Integrator block axi_interconnect_0/s00_couplers/auto_cc .
WARNING: [IP_Flow 19-4994] Overwriting existing constraint file '/home/stu/NutShell/fpga/board/axu3cg/build/onboardtest-axu3cg/onboardtest-axu3cg.srcs/sources_1/bd/nutshell/ip/nutshell_auto_cc_1/nutshell_auto_cc_1_ooc.xdc'
INFO: [BD 41-1029] Generation completed for the IP Integrator block axi_interconnect_1/s00_couplers/auto_cc .
WARNING: [IP_Flow 19-4994] Overwriting existing constraint file '/home/stu/NutShell/fpga/board/axu3cg/build/onboardtest-axu3cg/onboardtest-axu3cg.srcs/sources_1/bd/nutshell/ip/nutshell_auto_cc_2/nutshell_auto_cc_2_ooc.xdc'
INFO: [BD 41-1029] Generation completed for the IP Integrator block axi_interconnect_2/s00_couplers/auto_cc .
Exporting to file /home/stu/NutShell/fpga/board/axu3cg/build/onboardtest-axu3cg/onboardtest-axu3cg.srcs/sources_1/bd/nutshell/hw_handoff/nutshell.hwh
Generated Block Design Tcl file /home/stu/NutShell/fpga/board/axu3cg/build/onboardtest-axu3cg/onboardtest-axu3cg.srcs/sources_1/bd/nutshell/hw_handoff/nutshell_bd.tcl
Generated Hardware Definition File /home/stu/NutShell/fpga/board/axu3cg/build/onboardtest-axu3cg/onboardtest-axu3cg.srcs/sources_1/bd/nutshell/synth/nutshell.hwdef
INFO: [IP_Flow 19-4993] Using cached IP synthesis design for IP nutshell_auto_cc_0, cache-ID = 1984741e2b9eda11; cache size = 34.070 MB.
INFO: [IP_Flow 19-4993] Using cached IP synthesis design for IP nutshell_auto_cc_1, cache-ID = 6521112bd1cf0161; cache size = 34.070 MB.
INFO: [IP_Flow 19-4993] Using cached IP synthesis design for IP nutshell_auto_cc_2, cache-ID = 6521112bd1cf0161; cache size = 34.070 MB.
INFO: [IP_Flow 19-4993] Using cached IP synthesis design for IP zynq_soc_axi_uartlite_0_1, cache-ID = 1f1c7ae43807b948; cache size = 34.070 MB.
[Wed Aug 17 01:50:58 2022] Launched nutshell_util_vector_logic_0_0_synth_1, zynq_soc_axi_dma_arm_0_synth_1, zynq_soc_auto_us_4_synth_1, zynq_soc_auto_us_5_synth_1, zynq_soc_s02_mmu_0_synth_1, zynq_soc_s03_mmu_0_synth_1, zynq_soc_xbar_3_synth_1, zynq_soc_auto_pc_1_synth_1, zynq_soc_corerst_0_synth_1, zynq_soc_zynq_ultra_ps_e_0_0_synth_1, nutshell_NutShell_0_0_synth_1, synth_1...
Run output will be captured here:
nutshell_util_vector_logic_0_0_synth_1: /home/stu/NutShell/fpga/board/axu3cg/build/onboardtest-axu3cg/onboardtest-axu3cg.runs/nutshell_util_vector_logic_0_0_synth_1/runme.log
zynq_soc_axi_dma_arm_0_synth_1: /home/stu/NutShell/fpga/board/axu3cg/build/onboardtest-axu3cg/onboardtest-axu3cg.runs/zynq_soc_axi_dma_arm_0_synth_1/runme.log
zynq_soc_auto_us_4_synth_1: /home/stu/NutShell/fpga/board/axu3cg/build/onboardtest-axu3cg/onboardtest-axu3cg.runs/zynq_soc_auto_us_4_synth_1/runme.log
zynq_soc_auto_us_5_synth_1: /home/stu/NutShell/fpga/board/axu3cg/build/onboardtest-axu3cg/onboardtest-axu3cg.runs/zynq_soc_auto_us_5_synth_1/runme.log
zynq_soc_s02_mmu_0_synth_1: /home/stu/NutShell/fpga/board/axu3cg/build/onboardtest-axu3cg/onboardtest-axu3cg.runs/zynq_soc_s02_mmu_0_synth_1/runme.log
zynq_soc_s03_mmu_0_synth_1: /home/stu/NutShell/fpga/board/axu3cg/build/onboardtest-axu3cg/onboardtest-axu3cg.runs/zynq_soc_s03_mmu_0_synth_1/runme.log
zynq_soc_xbar_3_synth_1: /home/stu/NutShell/fpga/board/axu3cg/build/onboardtest-axu3cg/onboardtest-axu3cg.runs/zynq_soc_xbar_3_synth_1/runme.log
zynq_soc_auto_pc_1_synth_1: /home/stu/NutShell/fpga/board/axu3cg/build/onboardtest-axu3cg/onboardtest-axu3cg.runs/zynq_soc_auto_pc_1_synth_1/runme.log
zynq_soc_corerst_0_synth_1: /home/stu/NutShell/fpga/board/axu3cg/build/onboardtest-axu3cg/onboardtest-axu3cg.runs/zynq_soc_corerst_0_synth_1/runme.log
zynq_soc_zynq_ultra_ps_e_0_0_synth_1: /home/stu/NutShell/fpga/board/axu3cg/build/onboardtest-axu3cg/onboardtest-axu3cg.runs/zynq_soc_zynq_ultra_ps_e_0_0_synth_1/runme.log
nutshell_NutShell_0_0_synth_1: /home/stu/NutShell/fpga/board/axu3cg/build/onboardtest-axu3cg/onboardtest-axu3cg.runs/nutshell_NutShell_0_0_synth_1/runme.log
synth_1: /home/stu/NutShell/fpga/board/axu3cg/build/onboardtest-axu3cg/onboardtest-axu3cg.runs/synth_1/runme.log
[Wed Aug 17 01:51:01 2022] Launched impl_1...
Run output will be captured here: /home/stu/NutShell/fpga/board/axu3cg/build/onboardtest-axu3cg/onboardtest-axu3cg.runs/impl_1/runme.log
launch_runs: Time (s): cpu = 00:00:54 ; elapsed = 00:00:41 . Memory (MB): peak = 7318.922 ; gain = 4.887 ; free physical = 1130 ; free virtual = 8336
