Run subprocess with args: '/home/stu/jdk/jre-8u341-linux-x64/jre1.8.0_341/bin/java' '-cp' '/home/stu/NutShell/src/main/resources:/home/stu/NutShell/out/chiselModule/compile.dest/classes:/home/stu/NutShell/difftest/src/main/resources:/home/stu/NutShell/out/difftest/compile.dest/classes:/home/stu/.cache/coursier/v1/https/repo1.maven.org/maven2/edu/berkeley/cs/chisel3_2.12/3.5.0-RC1/chisel3_2.12-3.5.0-RC1.jar:/home/stu/.cache/coursier/v1/https/repo1.maven.org/maven2/org/scala-lang/scala-library/2.12.13/scala-library-2.12.13.jar:/home/stu/.cache/coursier/v1/https/repo1.maven.org/maven2/edu/berkeley/cs/chisel3-macros_2.12/3.5.0-RC1/chisel3-macros_2.12-3.5.0-RC1.jar:/home/stu/.cache/coursier/v1/https/repo1.maven.org/maven2/edu/berkeley/cs/chisel3-core_2.12/3.5.0-RC1/chisel3-core_2.12-3.5.0-RC1.jar:/home/stu/.cache/coursier/v1/https/repo1.maven.org/maven2/org/scala-lang/scala-reflect/2.12.13/scala-reflect-2.12.13.jar:/home/stu/.cache/coursier/v1/https/repo1.maven.org/maven2/com/lihaoyi/os-lib_2.12/0.7.8/os-lib_2.12-0.7.8.jar:/home/stu/.cache/coursier/v1/https/repo1.maven.org/maven2/edu/berkeley/cs/firrtl_2.12/1.5.0-RC1/firrtl_2.12-1.5.0-RC1.jar:/home/stu/.cache/coursier/v1/https/repo1.maven.org/maven2/com/lihaoyi/geny_2.12/0.6.10/geny_2.12-0.6.10.jar:/home/stu/.cache/coursier/v1/https/repo1.maven.org/maven2/org/antlr/antlr4-runtime/4.9.2/antlr4-runtime-4.9.2.jar:/home/stu/.cache/coursier/v1/https/repo1.maven.org/maven2/com/google/protobuf/protobuf-java/3.9.0/protobuf-java-3.9.0.jar:/home/stu/.cache/coursier/v1/https/repo1.maven.org/maven2/com/github/scopt/scopt_2.12/3.7.1/scopt_2.12-3.7.1.jar:/home/stu/.cache/coursier/v1/https/repo1.maven.org/maven2/net/jcazevedo/moultingyaml_2.12/0.4.2/moultingyaml_2.12-0.4.2.jar:/home/stu/.cache/coursier/v1/https/repo1.maven.org/maven2/org/json4s/json4s-native_2.12/3.6.11/json4s-native_2.12-3.6.11.jar:/home/stu/.cache/coursier/v1/https/repo1.maven.org/maven2/org/apache/commons/commons-text/1.8/commons-text-1.8.jar:/home/stu/.cache/coursier/v1/https/repo1.maven.org/maven2/io/github/alexarchambault/data-class_2.12/0.2.5/data-class_2.12-0.2.5.jar:/home/stu/.cache/coursier/v1/https/repo1.maven.org/maven2/com/github/nscala-time/nscala-time_2.12/2.22.0/nscala-time_2.12-2.22.0.jar:/home/stu/.cache/coursier/v1/https/repo1.maven.org/maven2/org/yaml/snakeyaml/1.26/snakeyaml-1.26.jar:/home/stu/.cache/coursier/v1/https/repo1.maven.org/maven2/org/json4s/json4s-core_2.12/3.6.11/json4s-core_2.12-3.6.11.jar:/home/stu/.cache/coursier/v1/https/repo1.maven.org/maven2/org/apache/commons/commons-lang3/3.9/commons-lang3-3.9.jar:/home/stu/.cache/coursier/v1/https/repo1.maven.org/maven2/joda-time/joda-time/2.10.1/joda-time-2.10.1.jar:/home/stu/.cache/coursier/v1/https/repo1.maven.org/maven2/org/joda/joda-convert/2.2.0/joda-convert-2.2.0.jar:/home/stu/.cache/coursier/v1/https/repo1.maven.org/maven2/org/json4s/json4s-ast_2.12/3.6.11/json4s-ast_2.12-3.6.11.jar:/home/stu/.cache/coursier/v1/https/repo1.maven.org/maven2/org/json4s/json4s-scalap_2.12/3.6.11/json4s-scalap_2.12-3.6.11.jar:/home/stu/.cache/coursier/v1/https/repo1.maven.org/maven2/com/thoughtworks/paranamer/paranamer/2.8/paranamer-2.8.jar' 'top.TopMain' '-td' 'build' '--output-file' 'TopMain.v' '--infer-rw' 'NutShellFPGATop' '--repl-seq-mem' '-c:NutShellFPGATop:-o:build/TopMain.v.conf' 'BOARD=sim' 'CORE=inorder'
====== Settings = (sim, inorder) ======
EnableDebug = true
EnableILA = true
EnableMultiIssue = false
EnableOutOfOrderExec = false
EnableRVC = true
FPGAPlatform = false
HasDTLB = true
HasDcache = true
HasITLB = true
HasIcache = true
HasL2cache = true
HasPrefetch = true
IsRV32 = false
MMIOBase = 0x40000000
MMIOSize = 0x40000000
MemMapBase = 0x0
MemMapRegionBits = 0
MmodeOnly = false
NrExtIntr = 1
ResetVector = 0x80000000
[[34mdeprecated[0m] class utils.FlushableQueueIO (1 calls): Unable to automatically infer cloneType on class utils.FlushableQueueIO. cloneType is now implemented by the Chisel compiler plugin so please ensure you are using it in your build. If you cannot use the compiler plugin or you are using it and you still see this message, please file an issue and let us know. For those not using the plugin, here is the 'runtime reflection' cloneType error message: constructor has parameters (entries) that are not both immutable and accessible. Either make all parameters immutable and accessible (vals) so cloneType can be inferred, or define a custom cloneType method.
[[33mwarn[0m] [33mThere were 1 deprecated function(s) used. These may stop compiling in a future release - you are encouraged to fix these issues.[0m
[[33mwarn[0m] Line numbers for deprecations reported by Chisel may be inaccurate; enable scalac compiler deprecation warnings via either of the following methods:
[[33mwarn[0m]   In the sbt interactive console, enter:
[[33mwarn[0m]     set scalacOptions in ThisBuild ++= Seq("-unchecked", "-deprecation")
[[33mwarn[0m]   or, in your build.sbt, add the line:
[[33mwarn[0m]     scalacOptions := Seq("-unchecked", "-deprecation")
